  [1m[36m (0.1ms)[0m  [1mSHOW search_path[0m
  [1m[35m (6.3ms)[0m  CREATE TABLE "schema_migrations" ("version" character varying(255) NOT NULL) 
  [1m[36m (3.5ms)[0m  [1m SELECT distinct i.relname, d.indisunique, d.indkey, t.oid
 FROM pg_class t
 INNER JOIN pg_index d ON t.oid = d.indrelid
 INNER JOIN pg_class i ON d.indexrelid = i.oid
 WHERE i.relkind = 'i'
 AND d.indisprimary = 'f'
 AND t.relname = 'schema_migrations'
 AND i.relnamespace IN (SELECT oid FROM pg_namespace WHERE nspname = ANY (current_schemas(false)) )
 ORDER BY i.relname
[0m
  [1m[35m (2.4ms)[0m  CREATE UNIQUE INDEX "unique_schema_migrations" ON "schema_migrations" ("version")
  [1m[36m (0.3ms)[0m  [1mSELECT "schema_migrations"."version" FROM "schema_migrations" [0m
Migrating to CreateDummyModels (20110613152810)
  [1m[35m (0.1ms)[0m  BEGIN
  [1m[36m (11.3ms)[0m  [1mCREATE TABLE "companies" ("id" serial primary key, "dummy" boolean, "database" character varying(255)) [0m
  [1m[35m (4.7ms)[0m  CREATE TABLE "users" ("id" serial primary key, "name" character varying(255), "birthdate" timestamp, "sex" character varying(255)) 
  [1m[36m (7.4ms)[0m  [1mCREATE TABLE "delayed_jobs" ("id" serial primary key, "priority" integer DEFAULT 0, "attempts" integer DEFAULT 0, "handler" text, "last_error" text, "run_at" timestamp, "locked_at" timestamp, "failed_at" timestamp, "locked_by" character varying(255), "created_at" timestamp, "updated_at" timestamp) [0m
  [1m[35m (2.6ms)[0m   SELECT distinct i.relname, d.indisunique, d.indkey, t.oid
 FROM pg_class t
 INNER JOIN pg_index d ON t.oid = d.indrelid
 INNER JOIN pg_class i ON d.indexrelid = i.oid
 WHERE i.relkind = 'i'
 AND d.indisprimary = 'f'
 AND t.relname = 'delayed_jobs'
 AND i.relnamespace IN (SELECT oid FROM pg_namespace WHERE nspname = ANY (current_schemas(false)) )
 ORDER BY i.relname
  [1m[36m (1.8ms)[0m  [1mCREATE INDEX "delayed_jobs_priority" ON "delayed_jobs" ("priority", "run_at")[0m
  [1m[35m (0.7ms)[0m  INSERT INTO "schema_migrations" ("version") VALUES ('20110613152810')
  [1m[36m (1.2ms)[0m  [1mCOMMIT[0m
  [1m[35m (0.1ms)[0m  SHOW search_path
  [1m[36m (0.3ms)[0m  [1mSELECT "schema_migrations"."version" FROM "schema_migrations" [0m
  [1m[35m (2.3ms)[0m   SELECT distinct i.relname, d.indisunique, d.indkey, t.oid
 FROM pg_class t
 INNER JOIN pg_index d ON t.oid = d.indrelid
 INNER JOIN pg_class i ON d.indexrelid = i.oid
 WHERE i.relkind = 'i'
 AND d.indisprimary = 'f'
 AND t.relname = 'companies'
 AND i.relnamespace IN (SELECT oid FROM pg_namespace WHERE nspname = ANY (current_schemas(false)) )
 ORDER BY i.relname
  [1m[36m (1.4ms)[0m  [1m SELECT distinct i.relname, d.indisunique, d.indkey, t.oid
 FROM pg_class t
 INNER JOIN pg_index d ON t.oid = d.indrelid
 INNER JOIN pg_class i ON d.indexrelid = i.oid
 WHERE i.relkind = 'i'
 AND d.indisprimary = 'f'
 AND t.relname = 'delayed_jobs'
 AND i.relnamespace IN (SELECT oid FROM pg_namespace WHERE nspname = ANY (current_schemas(false)) )
 ORDER BY i.relname
[0m
  [1m[35mColumns for index delayed_jobs_priority on delayed_jobs (0.4ms)[0m   SELECT a.attnum, a.attname
 FROM pg_attribute a
 WHERE a.attrelid = 89851
 AND a.attnum IN (2,6)
  [1m[36m (1.3ms)[0m  [1m SELECT distinct i.relname, d.indisunique, d.indkey, t.oid
 FROM pg_class t
 INNER JOIN pg_index d ON t.oid = d.indrelid
 INNER JOIN pg_class i ON d.indexrelid = i.oid
 WHERE i.relkind = 'i'
 AND d.indisprimary = 'f'
 AND t.relname = 'users'
 AND i.relnamespace IN (SELECT oid FROM pg_namespace WHERE nspname = ANY (current_schemas(false)) )
 ORDER BY i.relname
[0m
  [1m[36m (0.1ms)[0m  [1mSHOW search_path[0m
  [1m[36m (0.1ms)[0m  [1mSHOW search_path[0m
  [1m[36m (0.1ms)[0m  [1mSHOW search_path[0m
  [1m[36m (0.1ms)[0m  [1mSHOW search_path[0m
  [1m[35m (0.5ms)[0m  SELECT "schema_migrations"."version" FROM "schema_migrations" 
Migrating to CreateDummyModels (20110613152810)
Migrating to CreateTableBooks (20111202022214)
  [1m[36m (0.1ms)[0m  [1mBEGIN[0m
  [1m[35m (0.1ms)[0m  ROLLBACK
  [1m[36m (0.1ms)[0m  [1mSHOW search_path[0m
  [1m[35m (0.3ms)[0m  SELECT "schema_migrations"."version" FROM "schema_migrations" 
Migrating to CreateDummyModels (20110613152810)
Migrating to CreateTableBooks (20111202022214)
  [1m[36m (0.1ms)[0m  [1mBEGIN[0m
  [1m[35m (7.9ms)[0m  CREATE TABLE "books" ("id" serial primary key, "name" character varying(255), "pages" integer, "published" timestamp) 
  [1m[36m (0.4ms)[0m  [1mINSERT INTO "schema_migrations" ("version") VALUES ('20111202022214')[0m
  [1m[35m (2.0ms)[0m  COMMIT
  [1m[36m (0.1ms)[0m  [1mSHOW search_path[0m
  [1m[35m (0.3ms)[0m  SELECT "schema_migrations"."version" FROM "schema_migrations" 
  [1m[36m (2.6ms)[0m  [1m SELECT distinct i.relname, d.indisunique, d.indkey, t.oid
 FROM pg_class t
 INNER JOIN pg_index d ON t.oid = d.indrelid
 INNER JOIN pg_class i ON d.indexrelid = i.oid
 WHERE i.relkind = 'i'
 AND d.indisprimary = 'f'
 AND t.relname = 'books'
 AND i.relnamespace IN (SELECT oid FROM pg_namespace WHERE nspname = ANY (current_schemas(false)) )
 ORDER BY i.relname
[0m
  [1m[35m (1.5ms)[0m   SELECT distinct i.relname, d.indisunique, d.indkey, t.oid
 FROM pg_class t
 INNER JOIN pg_index d ON t.oid = d.indrelid
 INNER JOIN pg_class i ON d.indexrelid = i.oid
 WHERE i.relkind = 'i'
 AND d.indisprimary = 'f'
 AND t.relname = 'companies'
 AND i.relnamespace IN (SELECT oid FROM pg_namespace WHERE nspname = ANY (current_schemas(false)) )
 ORDER BY i.relname
  [1m[36m (1.5ms)[0m  [1m SELECT distinct i.relname, d.indisunique, d.indkey, t.oid
 FROM pg_class t
 INNER JOIN pg_index d ON t.oid = d.indrelid
 INNER JOIN pg_class i ON d.indexrelid = i.oid
 WHERE i.relkind = 'i'
 AND d.indisprimary = 'f'
 AND t.relname = 'delayed_jobs'
 AND i.relnamespace IN (SELECT oid FROM pg_namespace WHERE nspname = ANY (current_schemas(false)) )
 ORDER BY i.relname
[0m
  [1m[35mColumns for index delayed_jobs_priority on delayed_jobs (0.5ms)[0m   SELECT a.attnum, a.attname
 FROM pg_attribute a
 WHERE a.attrelid = 89851
 AND a.attnum IN (2,6)
  [1m[36m (1.3ms)[0m  [1m SELECT distinct i.relname, d.indisunique, d.indkey, t.oid
 FROM pg_class t
 INNER JOIN pg_index d ON t.oid = d.indrelid
 INNER JOIN pg_class i ON d.indexrelid = i.oid
 WHERE i.relkind = 'i'
 AND d.indisprimary = 'f'
 AND t.relname = 'users'
 AND i.relnamespace IN (SELECT oid FROM pg_namespace WHERE nspname = ANY (current_schemas(false)) )
 ORDER BY i.relname
[0m
  [1m[36m (0.1ms)[0m  [1mSHOW search_path[0m
  [1m[35m (0.4ms)[0m  SELECT "schema_migrations"."version" FROM "schema_migrations" 
  [1m[36m (0.1ms)[0m  [1mSELECT "schema_migrations"."version" FROM "schema_migrations" [0m
Migrating to CreateTableBooks (20111202022214)
  [1m[35m (0.1ms)[0m  BEGIN
  [1m[36m (1.8ms)[0m  [1mDROP TABLE "books"[0m
  [1m[35m (0.8ms)[0m  DELETE FROM "schema_migrations" WHERE "schema_migrations"."version" = '20111202022214'
  [1m[36m (4.7ms)[0m  [1mCOMMIT[0m
  [1m[35m (2.7ms)[0m  SHOW search_path
  [1m[36m (0.3ms)[0m  [1mSELECT "schema_migrations"."version" FROM "schema_migrations" [0m
  [1m[35m (2.5ms)[0m   SELECT distinct i.relname, d.indisunique, d.indkey, t.oid
 FROM pg_class t
 INNER JOIN pg_index d ON t.oid = d.indrelid
 INNER JOIN pg_class i ON d.indexrelid = i.oid
 WHERE i.relkind = 'i'
 AND d.indisprimary = 'f'
 AND t.relname = 'companies'
 AND i.relnamespace IN (SELECT oid FROM pg_namespace WHERE nspname = ANY (current_schemas(false)) )
 ORDER BY i.relname
  [1m[36m (1.5ms)[0m  [1m SELECT distinct i.relname, d.indisunique, d.indkey, t.oid
 FROM pg_class t
 INNER JOIN pg_index d ON t.oid = d.indrelid
 INNER JOIN pg_class i ON d.indexrelid = i.oid
 WHERE i.relkind = 'i'
 AND d.indisprimary = 'f'
 AND t.relname = 'delayed_jobs'
 AND i.relnamespace IN (SELECT oid FROM pg_namespace WHERE nspname = ANY (current_schemas(false)) )
 ORDER BY i.relname
[0m
  [1m[35mColumns for index delayed_jobs_priority on delayed_jobs (0.4ms)[0m   SELECT a.attnum, a.attname
 FROM pg_attribute a
 WHERE a.attrelid = 89851
 AND a.attnum IN (2,6)
  [1m[36m (1.3ms)[0m  [1m SELECT distinct i.relname, d.indisunique, d.indkey, t.oid
 FROM pg_class t
 INNER JOIN pg_index d ON t.oid = d.indrelid
 INNER JOIN pg_class i ON d.indexrelid = i.oid
 WHERE i.relkind = 'i'
 AND d.indisprimary = 'f'
 AND t.relname = 'users'
 AND i.relnamespace IN (SELECT oid FROM pg_namespace WHERE nspname = ANY (current_schemas(false)) )
 ORDER BY i.relname
[0m
  [1m[36m (0.1ms)[0m  [1mSHOW search_path[0m
  [1m[35m (0.6ms)[0m  SELECT "schema_migrations"."version" FROM "schema_migrations" 
  [1m[36m (0.2ms)[0m  [1mSELECT "schema_migrations"."version" FROM "schema_migrations" [0m
Migrating to CreateDummyModels (20110613152810)
  [1m[35m (0.1ms)[0m  BEGIN
  [1m[36m (2.6ms)[0m  [1mDROP TABLE "companies"[0m
  [1m[35m (1.8ms)[0m  DROP TABLE "users"
  [1m[36m (2.5ms)[0m  [1mDROP TABLE "delayed_jobs"[0m
  [1m[35m (1.1ms)[0m  DELETE FROM "schema_migrations" WHERE "schema_migrations"."version" = '20110613152810'
  [1m[36m (6.8ms)[0m  [1mCOMMIT[0m
  [1m[35m (0.1ms)[0m  SHOW search_path
  [1m[36m (0.3ms)[0m  [1mSELECT "schema_migrations"."version" FROM "schema_migrations" [0m
  [1m[36m (0.1ms)[0m  [1mSHOW search_path[0m
  [1m[35m (0.3ms)[0m  SELECT "schema_migrations"."version" FROM "schema_migrations" 
Migrating to CreateDummyModels (20110613152810)
  [1m[36m (0.1ms)[0m  [1mBEGIN[0m
  [1m[35m (7.7ms)[0m  CREATE TABLE "companies" ("id" serial primary key, "dummy" boolean, "database" character varying(255)) 
  [1m[36m (6.8ms)[0m  [1mCREATE TABLE "users" ("id" serial primary key, "name" character varying(255), "birthdate" timestamp, "sex" character varying(255)) [0m
  [1m[35m (5.5ms)[0m  CREATE TABLE "delayed_jobs" ("id" serial primary key, "priority" integer DEFAULT 0, "attempts" integer DEFAULT 0, "handler" text, "last_error" text, "run_at" timestamp, "locked_at" timestamp, "failed_at" timestamp, "locked_by" character varying(255), "created_at" timestamp, "updated_at" timestamp) 
  [1m[36m (2.4ms)[0m  [1m SELECT distinct i.relname, d.indisunique, d.indkey, t.oid
 FROM pg_class t
 INNER JOIN pg_index d ON t.oid = d.indrelid
 INNER JOIN pg_class i ON d.indexrelid = i.oid
 WHERE i.relkind = 'i'
 AND d.indisprimary = 'f'
 AND t.relname = 'delayed_jobs'
 AND i.relnamespace IN (SELECT oid FROM pg_namespace WHERE nspname = ANY (current_schemas(false)) )
 ORDER BY i.relname
[0m
  [1m[35m (1.6ms)[0m  CREATE INDEX "delayed_jobs_priority" ON "delayed_jobs" ("priority", "run_at")
  [1m[36m (0.5ms)[0m  [1mINSERT INTO "schema_migrations" ("version") VALUES ('20110613152810')[0m
  [1m[35m (1.8ms)[0m  COMMIT
Migrating to CreateTableBooks (20111202022214)
  [1m[36m (0.5ms)[0m  [1mBEGIN[0m
  [1m[35m (3.3ms)[0m  CREATE TABLE "books" ("id" serial primary key, "name" character varying(255), "pages" integer, "published" timestamp) 
  [1m[36m (0.2ms)[0m  [1mINSERT INTO "schema_migrations" ("version") VALUES ('20111202022214')[0m
  [1m[35m (0.7ms)[0m  COMMIT
  [1m[36m (0.1ms)[0m  [1mSHOW search_path[0m
  [1m[35m (0.4ms)[0m  SELECT "schema_migrations"."version" FROM "schema_migrations" 
  [1m[36m (2.4ms)[0m  [1m SELECT distinct i.relname, d.indisunique, d.indkey, t.oid
 FROM pg_class t
 INNER JOIN pg_index d ON t.oid = d.indrelid
 INNER JOIN pg_class i ON d.indexrelid = i.oid
 WHERE i.relkind = 'i'
 AND d.indisprimary = 'f'
 AND t.relname = 'books'
 AND i.relnamespace IN (SELECT oid FROM pg_namespace WHERE nspname = ANY (current_schemas(false)) )
 ORDER BY i.relname
[0m
  [1m[35m (1.4ms)[0m   SELECT distinct i.relname, d.indisunique, d.indkey, t.oid
 FROM pg_class t
 INNER JOIN pg_index d ON t.oid = d.indrelid
 INNER JOIN pg_class i ON d.indexrelid = i.oid
 WHERE i.relkind = 'i'
 AND d.indisprimary = 'f'
 AND t.relname = 'companies'
 AND i.relnamespace IN (SELECT oid FROM pg_namespace WHERE nspname = ANY (current_schemas(false)) )
 ORDER BY i.relname
  [1m[36m (1.4ms)[0m  [1m SELECT distinct i.relname, d.indisunique, d.indkey, t.oid
 FROM pg_class t
 INNER JOIN pg_index d ON t.oid = d.indrelid
 INNER JOIN pg_class i ON d.indexrelid = i.oid
 WHERE i.relkind = 'i'
 AND d.indisprimary = 'f'
 AND t.relname = 'delayed_jobs'
 AND i.relnamespace IN (SELECT oid FROM pg_namespace WHERE nspname = ANY (current_schemas(false)) )
 ORDER BY i.relname
[0m
  [1m[35mColumns for index delayed_jobs_priority on delayed_jobs (0.5ms)[0m   SELECT a.attnum, a.attname
 FROM pg_attribute a
 WHERE a.attrelid = 106301
 AND a.attnum IN (2,6)
  [1m[36m (1.3ms)[0m  [1m SELECT distinct i.relname, d.indisunique, d.indkey, t.oid
 FROM pg_class t
 INNER JOIN pg_index d ON t.oid = d.indrelid
 INNER JOIN pg_class i ON d.indexrelid = i.oid
 WHERE i.relkind = 'i'
 AND d.indisprimary = 'f'
 AND t.relname = 'users'
 AND i.relnamespace IN (SELECT oid FROM pg_namespace WHERE nspname = ANY (current_schemas(false)) )
 ORDER BY i.relname
[0m
  [1m[36m (0.1ms)[0m  [1mSHOW search_path[0m
  [1m[35m (0.4ms)[0m  SELECT "schema_migrations"."version" FROM "schema_migrations" 
  [1m[36m (0.2ms)[0m  [1mSELECT "schema_migrations"."version" FROM "schema_migrations" [0m
Migrating to CreateTableBooks (20111202022214)
  [1m[35m (0.1ms)[0m  BEGIN
  [1m[36m (1.8ms)[0m  [1mDROP TABLE "books"[0m
  [1m[35m (1.0ms)[0m  DELETE FROM "schema_migrations" WHERE "schema_migrations"."version" = '20111202022214'
  [1m[36m (4.4ms)[0m  [1mCOMMIT[0m
  [1m[35m (0.1ms)[0m  SHOW search_path
  [1m[36m (0.4ms)[0m  [1mSELECT "schema_migrations"."version" FROM "schema_migrations" [0m
  [1m[35m (2.6ms)[0m   SELECT distinct i.relname, d.indisunique, d.indkey, t.oid
 FROM pg_class t
 INNER JOIN pg_index d ON t.oid = d.indrelid
 INNER JOIN pg_class i ON d.indexrelid = i.oid
 WHERE i.relkind = 'i'
 AND d.indisprimary = 'f'
 AND t.relname = 'companies'
 AND i.relnamespace IN (SELECT oid FROM pg_namespace WHERE nspname = ANY (current_schemas(false)) )
 ORDER BY i.relname
  [1m[36m (1.8ms)[0m  [1m SELECT distinct i.relname, d.indisunique, d.indkey, t.oid
 FROM pg_class t
 INNER JOIN pg_index d ON t.oid = d.indrelid
 INNER JOIN pg_class i ON d.indexrelid = i.oid
 WHERE i.relkind = 'i'
 AND d.indisprimary = 'f'
 AND t.relname = 'delayed_jobs'
 AND i.relnamespace IN (SELECT oid FROM pg_namespace WHERE nspname = ANY (current_schemas(false)) )
 ORDER BY i.relname
[0m
  [1m[35mColumns for index delayed_jobs_priority on delayed_jobs (0.6ms)[0m   SELECT a.attnum, a.attname
 FROM pg_attribute a
 WHERE a.attrelid = 106301
 AND a.attnum IN (2,6)
  [1m[36m (1.7ms)[0m  [1m SELECT distinct i.relname, d.indisunique, d.indkey, t.oid
 FROM pg_class t
 INNER JOIN pg_index d ON t.oid = d.indrelid
 INNER JOIN pg_class i ON d.indexrelid = i.oid
 WHERE i.relkind = 'i'
 AND d.indisprimary = 'f'
 AND t.relname = 'users'
 AND i.relnamespace IN (SELECT oid FROM pg_namespace WHERE nspname = ANY (current_schemas(false)) )
 ORDER BY i.relname
[0m
